[20:04:28] [main/INFO] (FabricLoader/GameProvider) Loading Minecraft 1.20.4 with Fabric Loader 0.15.0
[20:04:28] [main/INFO] (FabricLoader) Loading 56 mods:
	- fabric-api 0.91.1+1.20.4
	- fabric-api-base 0.4.34+f31bf88132
	- fabric-api-lookup-api-v1 1.6.44+9468a19d32
	- fabric-biome-api-v1 13.0.14+9468a19d32
	- fabric-block-api-v1 1.0.13+73761d2e32
	- fabric-block-view-api-v2 1.0.2+73761d2e32
	- fabric-blockrenderlayer-v1 1.1.44+f4b7e42432
	- fabric-client-tags-api-v1 1.1.5+86b1264532
	- fabric-command-api-v1 1.2.39+f71b366f32
	- fabric-command-api-v2 2.2.18+23e8616e32
	- fabric-commands-v0 0.2.56+df3654b332
	- fabric-containers-v0 0.1.80+df3654b332
	- fabric-content-registries-v0 5.0.8+9468a19d32
	- fabric-convention-tags-v1 1.5.8+9468a19d32
	- fabric-crash-report-info-v1 0.2.21+f4b7e42432
	- fabric-data-generation-api-v1 13.1.16+1b2a41bc32
	- fabric-dimensions-v1 2.1.59+a2e8758a32
	- fabric-entity-events-v1 1.5.26+9468a19d32
	- fabric-events-interaction-v0 0.6.13+9468a19d32
	- fabric-events-lifecycle-v0 0.2.70+df3654b332
	- fabric-game-rule-api-v1 1.0.44+6f7ba8f232
	- fabric-gametest-api-v1 1.2.18+9468a19d32
	- fabric-item-api-v1 2.1.33+9468a19d32
	- fabric-item-group-api-v1 4.0.19+f6e85ac232
	- fabric-key-binding-api-v1 1.0.39+f4b7e42432
	- fabric-keybindings-v0 0.2.37+df3654b332
	- fabric-lifecycle-events-v1 2.2.28+9468a19d32
	- fabric-loot-api-v2 2.1.3+6f9f09e032
	- fabric-message-api-v1 6.0.3+ebb1549632
	- fabric-mining-level-api-v1 2.1.58+f4b7e42432
	- fabric-model-loading-api-v1 1.0.6+9468a19d32
	- fabric-models-v0 0.4.5+9386d8a732
	- fabric-networking-api-v1 3.1.1+901470e432
	- fabric-object-builder-api-v1 13.0.6+a2e8758a32
	- fabric-particles-v1 1.1.5+f4b7e42432
	- fabric-recipe-api-v1 2.0.14+23e8616e32
	- fabric-registry-sync-v0 4.0.12+9468a19d32
	- fabric-renderer-api-v1 3.2.2+2034447c32
	- fabric-renderer-indigo 1.5.2+2034447c32
	- fabric-renderer-registries-v1 3.2.49+df3654b332
	- fabric-rendering-data-attachment-v1 0.3.40+73761d2e32
	- fabric-rendering-fluids-v1 3.0.31+f4b7e42432
	- fabric-rendering-v0 1.1.52+df3654b332
	- fabric-rendering-v1 3.0.11+9468a19d32
	- fabric-resource-conditions-api-v1 2.3.12+de5c6cca32
	- fabric-resource-loader-v0 0.11.14+f31bf88132
	- fabric-screen-api-v1 2.0.15+f6e85ac232
	- fabric-screen-handler-api-v1 1.3.49+9468a19d32
	- fabric-sound-api-v1 1.0.15+f4b7e42432
	- fabric-transfer-api-v1 4.0.5+aaf9c96932
	- fabric-transitive-access-wideners-v1 5.0.12+1b2a41bc32
	- fabricloader 0.15.0
	- java 17
	- minecraft 1.20.4
	- mixinextras 0.3.0
	- modid 1.0.0
[20:04:29] [main/INFO] (FabricLoader/Mixin) SpongePowered MIXIN Subsystem Version=0.8.5 Source=file:/C:/Users/Patrick/.gradle/caches/modules-2/files-2.1/net.fabricmc/sponge-mixin/0.12.5+mixin.0.8.5/8d31fb97c3e0cd7c8dad3441851c523bcfae6d8e/sponge-mixin-0.12.5+mixin.0.8.5.jar Service=Knot/Fabric Env=CLIENT
[20:04:29] [main/INFO] (FabricLoader/Mixin) Loaded Fabric development mappings for mixin remapper!
[20:04:29] [main/INFO] (FabricLoader/Mixin) Compatibility level set to JAVA_16
[20:04:29] [main/INFO] (FabricLoader/Mixin) Compatibility level set to JAVA_17
[20:04:31] [main/INFO] (FabricLoader/MixinExtras|Service) Initializing MixinExtras via com.llamalad7.mixinextras.service.MixinExtrasServiceImpl(version=0.3.0).
[20:04:32] [main/WARN] (PerfmonDisabled) Invalid registry value type detected for PerfOS counters. Should be REG_DWORD. Ignoring: HKEY_LOCAL_MACHINE\SYSTEM\CurrentControlSet\Services\PerfOS\Performance\Disable Performance Counters.
[20:04:33] [main/WARN] (PerfDataUtil) Failed to add PDH Counter: \Paging File(_Total)\% Usage, Error code: 0xC0000BB8
[20:04:33] [main/WARN] (PerfCounterQueryHandler) Failed to add counter for PDH counter: \Paging File(_Total)\% Usage
[20:04:33] [main/WARN] (PerfCounterQuery) Disabling further attempts to query Paging File.
[20:04:39] [main/WARN] (WmiQueryHandler) COM exception: Invalid Query: SELECT PERCENTUSAGE FROM Win32_PerfRawData_PerfOS_PagingFile
[20:04:45] [Datafixer Bootstrap/INFO] (Minecraft) 198 Datafixer optimizations took 237 milliseconds
[20:04:50] [Render thread/INFO] (Minecraft) Environment: Environment[sessionHost=https://sessionserver.mojang.com, servicesHost=https://api.minecraftservices.com, name=PROD]
[20:04:50] [Render thread/INFO] (Minecraft) Setting user: Player198
[20:04:51] [Download-2/ERROR] (Minecraft) Failed to fetch user properties
com.mojang.authlib.exceptions.InvalidCredentialsException: Status: 401
	at com.mojang.authlib.exceptions.MinecraftClientHttpException.toAuthenticationException(MinecraftClientHttpException.java:59) ~[authlib-6.0.52.jar:?]
	at com.mojang.authlib.yggdrasil.YggdrasilUserApiService.fetchProperties(YggdrasilUserApiService.java:150) ~[authlib-6.0.52.jar:?]
	at net.minecraft.client.MinecraftClient.method_55608(MinecraftClient.java:540) ~[minecraft-clientOnly-1f338b2c9f-1.20.4-net.fabricmc.yarn.1_20_4.1.20.4+build.1-v2.jar:?]
	at java.util.concurrent.CompletableFuture$AsyncSupply.run(CompletableFuture.java:1768) ~[?:?]
	at java.util.concurrent.ThreadPoolExecutor.runWorker(ThreadPoolExecutor.java:1136) ~[?:?]
	at java.util.concurrent.ThreadPoolExecutor$Worker.run(ThreadPoolExecutor.java:635) ~[?:?]
	at java.lang.Thread.run(Thread.java:833) ~[?:?]
Caused by: com.mojang.authlib.exceptions.MinecraftClientHttpException: Status: 401
	at com.mojang.authlib.minecraft.client.MinecraftClient.readInputStream(MinecraftClient.java:100) ~[authlib-6.0.52.jar:?]
	at com.mojang.authlib.minecraft.client.MinecraftClient.get(MinecraftClient.java:57) ~[authlib-6.0.52.jar:?]
	at com.mojang.authlib.yggdrasil.YggdrasilUserApiService.fetchProperties(YggdrasilUserApiService.java:121) ~[authlib-6.0.52.jar:?]
	... 5 more
[20:04:51] [Render thread/INFO] (fabric-networking-api-v1) Force Packet Serialization is enabled to mimic remote connection on single player, this is the default behaviour on dev env. Add -Dfabric-api.networking.force-packet-serialization=false JVM arg to disable it.
[20:04:51] [Render thread/INFO] (retekkit-core) Hello Fabric world!
[20:04:51] [Render thread/INFO] (Indigo) [Indigo] Registering Indigo renderer!
[20:04:53] [Render thread/INFO] (Minecraft) Backend library: LWJGL version 3.3.2-snapshot
[20:04:55] [Render thread/INFO] (Minecraft) Reloading ResourceManager: vanilla, fabric (fabric-particles-v1, fabric-data-generation-api-v1, fabric-transfer-api-v1, fabric-mining-level-api-v1, fabric-lifecycle-events-v1, fabric-registry-sync-v0, fabric-renderer-registries-v1, fabric-loot-api-v2, fabric-resource-loader-v0, fabric-api-base, fabric-message-api-v1, fabric-command-api-v2, fabric-block-view-api-v2, fabric-model-loading-api-v1, fabric-resource-conditions-api-v1, fabric-keybindings-v0, fabric-object-builder-api-v1, fabric-events-lifecycle-v0, fabric-containers-v0, fabric-recipe-api-v1, fabric-rendering-v1, fabric-convention-tags-v1, fabric-screen-handler-api-v1, fabric-key-binding-api-v1, fabric-content-registries-v0, fabric-biome-api-v1, fabric-renderer-api-v1, fabric-dimensions-v1, fabric-command-api-v1, fabric-gametest-api-v1, fabricloader, fabric-game-rule-api-v1, fabric-item-api-v1, fabric-rendering-v0, fabric-api-lookup-api-v1, fabric-commands-v0, fabric-crash-report-info-v1, fabric-item-group-api-v1, fabric-renderer-indigo, fabric-transitive-access-wideners-v1, fabric-entity-events-v1, fabric-events-interaction-v0, fabric-screen-api-v1, fabric-models-v0, modid, fabric-client-tags-api-v1, fabric-block-api-v1, fabric-rendering-data-attachment-v1, fabric-api, fabric-rendering-fluids-v1, fabric-networking-api-v1, fabric-sound-api-v1, fabric-blockrenderlayer-v1)
[20:04:55] [Worker-Main-2/INFO] (Minecraft) Found unifont_all_no_pua-15.1.04.hex, loading
[20:04:58] [Render thread/WARN] (Minecraft) Missing sound for event: minecraft:item.goat_horn.play
[20:04:58] [Render thread/WARN] (Minecraft) Missing sound for event: minecraft:entity.goat.screaming.horn_break
[20:04:58] [Render thread/WARN] (Minecraft) Missing sound for event: minecraft:entity.generic.wind_burst
[20:04:58] [Render thread/INFO] (Minecraft) OpenAL initialized on device OpenAL Soft on Headphones (High Definition Audio Device)
[20:04:58] [Render thread/INFO] (Minecraft) Sound engine started
[20:04:58] [Render thread/INFO] (Minecraft) Created: 1024x512x4 minecraft:textures/atlas/blocks.png-atlas
[20:04:58] [Render thread/INFO] (Minecraft) Created: 256x256x4 minecraft:textures/atlas/signs.png-atlas
[20:04:58] [Render thread/INFO] (Minecraft) Created: 512x512x4 minecraft:textures/atlas/banner_patterns.png-atlas
[20:04:58] [Render thread/INFO] (Minecraft) Created: 512x512x4 minecraft:textures/atlas/shield_patterns.png-atlas
[20:04:58] [Render thread/INFO] (Minecraft) Created: 1024x1024x4 minecraft:textures/atlas/armor_trims.png-atlas
[20:04:58] [Render thread/INFO] (Minecraft) Created: 256x256x4 minecraft:textures/atlas/chest.png-atlas
[20:04:58] [Render thread/INFO] (Minecraft) Created: 128x64x4 minecraft:textures/atlas/decorated_pot.png-atlas
[20:04:58] [Render thread/INFO] (Minecraft) Created: 512x256x4 minecraft:textures/atlas/shulker_boxes.png-atlas
[20:04:58] [Render thread/INFO] (Minecraft) Created: 512x256x4 minecraft:textures/atlas/beds.png-atlas
[20:04:59] [Render thread/WARN] (Minecraft) Shader rendertype_entity_translucent_emissive could not find sampler named Sampler2 in the specified shader program.
[20:04:59] [Render thread/INFO] (Minecraft) Created: 512x256x0 minecraft:textures/atlas/particles.png-atlas
[20:04:59] [Render thread/INFO] (Minecraft) Created: 256x256x0 minecraft:textures/atlas/paintings.png-atlas
[20:04:59] [Render thread/INFO] (Minecraft) Created: 128x128x0 minecraft:textures/atlas/mob_effects.png-atlas
[20:04:59] [Render thread/INFO] (Minecraft) Created: 1024x512x0 minecraft:textures/atlas/gui.png-atlas
[20:05:02] [IO-Worker-1/INFO] (Minecraft) Could not authorize you against Realms server: Invalid session id
[20:05:02] [IO-Worker-1/ERROR] (Minecraft) Couldn't connect to realms
net.minecraft.client.realms.exception.RealmsServiceException: Realms authentication error with message 'Invalid session id'
	at net.minecraft.client.realms.RealmsClient.execute(RealmsClient.java:414) ~[minecraft-clientOnly-1f338b2c9f-1.20.4-net.fabricmc.yarn.1_20_4.1.20.4+build.1-v2.jar:?]
	at net.minecraft.client.realms.RealmsClient.clientCompatible(RealmsClient.java:207) ~[minecraft-clientOnly-1f338b2c9f-1.20.4-net.fabricmc.yarn.1_20_4.1.20.4+build.1-v2.jar:?]
	at net.minecraft.client.realms.RealmsAvailability.method_52627(RealmsAvailability.java:44) ~[minecraft-clientOnly-1f338b2c9f-1.20.4-net.fabricmc.yarn.1_20_4.1.20.4+build.1-v2.jar:?]
	at java.util.concurrent.CompletableFuture$AsyncSupply.run(CompletableFuture.java:1768) ~[?:?]
	at java.util.concurrent.ThreadPoolExecutor.runWorker(ThreadPoolExecutor.java:1136) ~[?:?]
	at java.util.concurrent.ThreadPoolExecutor$Worker.run(ThreadPoolExecutor.java:635) ~[?:?]
	at java.lang.Thread.run(Thread.java:833) ~[?:?]
[20:05:05] [Render thread/INFO] (Minecraft) Loaded 7 recipes
[20:05:05] [Render thread/INFO] (Minecraft) Loaded 1271 advancements
[20:05:07] [Render thread/INFO] (Minecraft) Stopping!
